<?xml version="1.0" encoding="UTF-8"?>
<!-- Generated by org.testng.reporters.JUnitXMLReporter -->
<testsuite hostname="DESKTOP-FNF69NB" name="Validate Title Test" tests="1" failures="1" timestamp="2 Dec 2017 07:20:30 GMT" time="0.008" errors="0">
  <testcase name="validateTitles" time="0.003" classname="regression.TestCase2">
    <failure type="java.lang.AssertionError" message="expected [yahoo.com] but found [gmail.com]">
      <![CDATA[java.lang.AssertionError: expected [yahoo.com] but found [gmail.com]
	at regression.TestCase2.validateTitles(TestCase2.java:23)
... Removed 32 stack frames]]>
    </failure>
  </testcase> <!-- validateTitles -->
</testsuite> <!-- Validate Title Test -->
