<?xml version="1.0" encoding="UTF-8"?>
<testng-results skipped="0" failed="1" ignored="0" total="2" passed="1">
  <reporter-output>
    <line>
      <![CDATA[Capturing Screenshot]]>
    </line>
    <line>
      <![CDATA[<a target="_blank" href="E:\ScreenShots\error.jpg">ScreenShots</a> ]]>
    </line>
    <line>
      <![CDATA[<br> ]]>
    </line>
    <line>
      <![CDATA[<a target="_blank" href="E:\ScreenShots\error.jpg"><img src="E:\ScreenShots\error.jpg" height=200 width=200></img></a> ]]>
    </line>
  </reporter-output>
  <suite name="Data Driven Basics" duration-ms="4393" started-at="2017-11-05T08:04:51Z" finished-at="2017-11-05T08:04:56Z">
    <groups>
    </groups>
    <test name="Bank Manager Login Test" duration-ms="636" started-at="2017-11-05T08:04:51Z" finished-at="2017-11-05T08:04:52Z">
      <class name="testcases.BankManagerLoginTest">
        <test-method status="FAIL" signature="loginAsBankManager()[pri:0, instance:testcases.BankManagerLoginTest@69e1dd28]" name="loginAsBankManager" duration-ms="601" started-at="2017-11-04T20:04:51Z" finished-at="2017-11-04T20:04:52Z">
          <exception class="java.lang.AssertionError">
            <message>
              <![CDATA[Login not executed]]>
            </message>
            <full-stacktrace>
              <![CDATA[java.lang.AssertionError: Login not executed
	at org.testng.Assert.fail(Assert.java:93)
	at testcases.BankManagerLoginTest.loginAsBankManager(BankManagerLoginTest.java:24)
	at sun.reflect.NativeMethodAccessorImpl.invoke0(Native Method)
	at sun.reflect.NativeMethodAccessorImpl.invoke(Unknown Source)
	at sun.reflect.DelegatingMethodAccessorImpl.invoke(Unknown Source)
	at java.lang.reflect.Method.invoke(Unknown Source)
	at org.testng.internal.MethodInvocationHelper.invokeMethod(MethodInvocationHelper.java:108)
	at org.testng.internal.Invoker.invokeMethod(Invoker.java:661)
	at org.testng.internal.Invoker.invokeTestMethod(Invoker.java:869)
	at org.testng.internal.Invoker.invokeTestMethods(Invoker.java:1193)
	at org.testng.internal.TestMethodWorker.invokeTestMethods(TestMethodWorker.java:126)
	at org.testng.internal.TestMethodWorker.run(TestMethodWorker.java:109)
	at org.testng.TestRunner.privateRun(TestRunner.java:744)
	at org.testng.TestRunner.run(TestRunner.java:602)
	at org.testng.SuiteRunner.runTest(SuiteRunner.java:380)
	at org.testng.SuiteRunner.runSequentially(SuiteRunner.java:375)
	at org.testng.SuiteRunner.privateRun(SuiteRunner.java:340)
	at org.testng.SuiteRunner.run(SuiteRunner.java:289)
	at org.testng.SuiteRunnerWorker.runSuite(SuiteRunnerWorker.java:52)
	at org.testng.SuiteRunnerWorker.run(SuiteRunnerWorker.java:86)
	at org.testng.TestNG.runSuitesSequentially(TestNG.java:1301)
	at org.testng.TestNG.runSuitesLocally(TestNG.java:1226)
	at org.testng.TestNG.runSuites(TestNG.java:1144)
	at org.testng.TestNG.run(TestNG.java:1115)
	at org.testng.remote.AbstractRemoteTestNG.run(AbstractRemoteTestNG.java:114)
	at org.testng.remote.RemoteTestNG.initAndRun(RemoteTestNG.java:251)
	at org.testng.remote.RemoteTestNG.main(RemoteTestNG.java:77)
]]>
            </full-stacktrace>
          </exception> <!-- java.lang.AssertionError -->
          <reporter-output>
            <line>
              <![CDATA[Capturing Screenshot]]>
            </line>
            <line>
              <![CDATA[<a target="_blank" href="E:\ScreenShots\error.jpg">ScreenShots</a> ]]>
            </line>
            <line>
              <![CDATA[<br> ]]>
            </line>
            <line>
              <![CDATA[<a target="_blank" href="E:\ScreenShots\error.jpg"><img src="E:\ScreenShots\error.jpg" height=200 width=200></img></a> ]]>
            </line>
          </reporter-output>
        </test-method> <!-- loginAsBankManager -->
      </class> <!-- testcases.BankManagerLoginTest -->
    </test> <!-- Bank Manager Login Test -->
    <test name="Add Customer Test" duration-ms="3704" started-at="2017-11-05T08:04:52Z" finished-at="2017-11-05T08:04:56Z">
      <class name="testcases.AddCustomerTest">
        <test-method status="PASS" signature="setUp()[pri:0, instance:testcases.AddCustomerTest@306f16f3]" name="setUp" is-config="true" duration-ms="8003" started-at="2017-11-04T20:04:43Z" finished-at="2017-11-04T20:04:51Z">
          <reporter-output>
          </reporter-output>
        </test-method> <!-- setUp -->
        <test-method status="PASS" signature="addCustomer(java.lang.String, java.lang.String, java.lang.String, java.lang.String)[pri:0, instance:testcases.AddCustomerTest@306f16f3]" name="addCustomer" duration-ms="3659" started-at="2017-11-04T20:04:52Z" data-provider="getData" finished-at="2017-11-04T20:04:56Z">
          <params>
            <param index="0">
              <value>
                <![CDATA[Semen]]>
              </value>
            </param>
            <param index="1">
              <value>
                <![CDATA[Gorbunkov]]>
              </value>
            </param>
            <param index="2">
              <value>
                <![CDATA[121165.0]]>
              </value>
            </param>
            <param index="3">
              <value>
                <![CDATA[Customer added successfully]]>
              </value>
            </param>
          </params>
          <reporter-output>
          </reporter-output>
        </test-method> <!-- addCustomer -->
        <test-method status="PASS" signature="tearDown()[pri:0, instance:testcases.AddCustomerTest@306f16f3]" name="tearDown" is-config="true" duration-ms="1859" started-at="2017-11-04T20:04:56Z" finished-at="2017-11-04T20:04:58Z">
          <reporter-output>
          </reporter-output>
        </test-method> <!-- tearDown -->
      </class> <!-- testcases.AddCustomerTest -->
    </test> <!-- Add Customer Test -->
  </suite> <!-- Data Driven Basics -->
</testng-results>
