<?xml version="1.0" encoding="UTF-8"?>
<!-- Generated by org.testng.reporters.JUnitXMLReporter -->
<testsuite hostname="DESKTOP-FNF69NB" name="Validate Title Test" tests="1" failures="1" timestamp="2 Dec 2017 06:47:49 GMT" time="0.012" errors="0">
  <testcase name="validateTitles" time="0.004" classname="functional.TestCase2">
    <failure type="java.lang.AssertionError" message="expected [yahoo.com] but found [gmail.com]">
      <![CDATA[java.lang.AssertionError: expected [yahoo.com] but found [gmail.com]
	at functional.TestCase2.validateTitles(TestCase2.java:23)
... Removed 31 stack frames]]>
    </failure>
  </testcase> <!-- validateTitles -->
</testsuite> <!-- Validate Title Test -->
